<?xml version="1.0" encoding="UTF-8"?>
<!-- Generated by org.testng.reporters.JUnitReportReporter -->
<testsuite hostname="Vaishu" failures="0" tests="4" name="TestLayer.SignUpPageTest" time="0.843" errors="0" timestamp="2024-07-11T16:21:33 IST" skipped="0">
  <testcase classname="TestLayer.SignUpPageTest" name="validateSignUpFunctionalityTest" time="0.126"/>
  <system-out/>
  <testcase classname="TestLayer.SignUpPageTest" name="validateSignUpFunctionalityTest" time="0.372"/>
  <system-out/>
  <testcase classname="TestLayer.SignUpPageTest" name="validateSignUpFunctionalityTest" time="0.163"/>
  <system-out/>
  <testcase classname="TestLayer.SignUpPageTest" name="validateSignUpFunctionalityTest" time="0.182"/>
  <system-out/>
</testsuite> <!-- TestLayer.SignUpPageTest -->
